<?xml version="1.0" encoding="UTF-8"?>
<testng-results ignored="0" total="1" passed="1" failed="0" skipped="0">
  <reporter-output>
  </reporter-output>
  <suite started-at="2022-02-01T20:17:55 IST" name="Suite" finished-at="2022-02-01T20:18:11 IST" duration-ms="16526">
    <groups>
    </groups>
    <test started-at="2022-02-01T20:17:55 IST" name="Test" finished-at="2022-02-01T20:18:11 IST" duration-ms="16526">
      <class name="tests.LocatorTest">
        <test-method is-config="true" signature="setupReport()[pri:0, instance:tests.LocatorTest@8f2ef19]" started-at="2022-02-01T20:17:55 IST" name="setupReport" finished-at="2022-02-01T20:17:55 IST" duration-ms="220" status="PASS">
          <reporter-output>
          </reporter-output>
        </test-method> <!-- setupReport -->
        <test-method is-config="true" signature="setLocatorTestData()[pri:0, instance:tests.LocatorTest@8f2ef19]" started-at="2022-02-01T20:17:55 IST" name="setLocatorTestData" finished-at="2022-02-01T20:17:55 IST" duration-ms="2" status="PASS">
          <reporter-output>
          </reporter-output>
        </test-method> <!-- setLocatorTestData -->
        <test-method signature="searchWithZip(java.util.Map)[pri:0, instance:tests.LocatorTest@8f2ef19]" started-at="2022-02-01T20:17:56 IST" name="searchWithZip" data-provider="testData" finished-at="2022-02-01T20:18:08 IST" duration-ms="12725" status="PASS">
          <params>
            <param index="0">
              <value>
                <![CDATA[{zipCode=10001, city=, Row_Number=1, branchServices=, atmServices=, radius=, enabled=Y, testCase=searchWithZip}]]>
              </value>
            </param>
          </params>
          <reporter-output>
          </reporter-output>
        </test-method> <!-- searchWithZip -->
        <test-method is-config="true" signature="cleanUp(org.testng.ITestResult)[pri:0, instance:tests.LocatorTest@8f2ef19]" started-at="2022-02-01T20:18:11 IST" name="cleanUp" finished-at="2022-02-01T20:18:11 IST" duration-ms="197" status="PASS">
          <params>
            <param index="0">
              <value>
                <![CDATA[[TestResult name=searchWithZip status=SUCCESS method=LocatorTest.searchWithZip(java.util.Map)[pri:0, instance:tests.LocatorTest@8f2ef19] output={null}]]]>
              </value>
            </param>
          </params>
          <reporter-output>
          </reporter-output>
        </test-method> <!-- cleanUp -->
        <test-method is-config="true" signature="closeReport()[pri:0, instance:tests.LocatorTest@8f2ef19]" started-at="2022-02-01T20:18:11 IST" name="closeReport" finished-at="2022-02-01T20:18:11 IST" duration-ms="299" status="PASS">
          <reporter-output>
          </reporter-output>
        </test-method> <!-- closeReport -->
      </class> <!-- tests.LocatorTest -->
    </test> <!-- Test -->
  </suite> <!-- Suite -->
</testng-results>
